<?xml version="1.0" encoding="UTF-8" ?>
<testsuite tests="5" failures="0" name="com.buy.together.FaqServiceTest" time="2.748" errors="0" skipped="4">
  <properties>
    <property name="java.runtime.name" value="Java(TM) SE Runtime Environment"/>
    <property name="sun.boot.library.path" value="C:\JavaSE\Java\jre1.8.0_101\bin"/>
    <property name="java.vm.version" value="25.111-b14"/>
    <property name="java.vm.vendor" value="Oracle Corporation"/>
    <property name="maven.multiModuleProjectDirectory" value="C:\Users\BAEJJI\Documents\GitHub\finalProjectBuyTogether"/>
    <property name="java.vendor.url" value="http://java.oracle.com/"/>
    <property name="path.separator" value=";"/>
    <property name="guice.disable.misplaced.annotation.check" value="true"/>
    <property name="java.vm.name" value="Java HotSpot(TM) 64-Bit Server VM"/>
    <property name="file.encoding.pkg" value="sun.io"/>
    <property name="user.script" value=""/>
    <property name="user.country" value="KR"/>
    <property name="sun.java.launcher" value="SUN_STANDARD"/>
    <property name="sun.os.patch.level" value=""/>
    <property name="java.vm.specification.name" value="Java Virtual Machine Specification"/>
    <property name="user.dir" value="C:\Users\BAEJJI\Documents\GitHub\finalProjectBuyTogether"/>
    <property name="java.runtime.version" value="1.8.0_111-b14"/>
    <property name="java.awt.graphicsenv" value="sun.awt.Win32GraphicsEnvironment"/>
    <property name="java.endorsed.dirs" value="C:\JavaSE\Java\jre1.8.0_101\lib\endorsed"/>
    <property name="os.arch" value="amd64"/>
    <property name="java.io.tmpdir" value="C:\Users\BAEJJI\AppData\Local\Temp\"/>
    <property name="line.separator" value="
"/>
    <property name="java.vm.specification.vendor" value="Oracle Corporation"/>
    <property name="user.variant" value=""/>
    <property name="os.name" value="Windows 10"/>
    <property name="classworlds.conf" value="C:\JavaEE\Documents\workspace-sts-3.8.2.RELEASE\.metadata\.plugins\org.eclipse.m2e.launching\launches\m2conf4266536965985019833.tmp"/>
    <property name="sun.jnu.encoding" value="MS949"/>
    <property name="java.library.path" value="C:\JavaSE\Java\jre1.8.0_101\bin;C:\WINDOWS\Sun\Java\bin;C:\WINDOWS\system32;C:\WINDOWS;C:/JavaSE/Java/jre1.8.0_101/bin/server;C:/JavaSE/Java/jre1.8.0_101/bin;C:/JavaSE/Java/jre1.8.0_101/lib/amd64;C:\ProgramData\Oracle\Java\javapath;C:\oraclexe\app\oracle\product\11.2.0\server\bin;C:\WINDOWS\system32;C:\WINDOWS;C:\WINDOWS\System32\Wbem;C:\WINDOWS\System32\WindowsPowerShell\v1.0\;C:\Program Files\Git\cmd;C:\node\nodejs\;C:\Program Files\MySQL\MySQL Utilities 1.6\;C:\JavaSE\Java\jdk1.8.0_101\WindowsApps;C:\Users\BAEJJI\AppData\Roaming\npm;C:\JavaEE\spring\sts-bundle\sts-3.8.2.RELEASE;;."/>
    <property name="java.specification.name" value="Java Platform API Specification"/>
    <property name="java.class.version" value="52.0"/>
    <property name="sun.management.compiler" value="HotSpot 64-Bit Tiered Compilers"/>
    <property name="os.version" value="10.0"/>
    <property name="user.home" value="C:\Users\BAEJJI"/>
    <property name="user.timezone" value="Asia/Seoul"/>
    <property name="java.awt.printerjob" value="sun.awt.windows.WPrinterJob"/>
    <property name="java.specification.version" value="1.8"/>
    <property name="file.encoding" value="UTF-8"/>
    <property name="user.name" value="BAEJJI"/>
    <property name="java.class.path" value="/C:/JavaEE/spring/sts-bundle/sts-3.8.2.RELEASE/plugins/org.eclipse.m2e.maven.runtime_1.7.0.20160603-1931/jars/plexus-classworlds-2.5.2.jar"/>
    <property name="java.vm.specification.version" value="1.8"/>
    <property name="sun.arch.data.model" value="64"/>
    <property name="java.home" value="C:\JavaSE\Java\jre1.8.0_101"/>
    <property name="sun.java.command" value="org.codehaus.plexus.classworlds.launcher.Launcher -B install"/>
    <property name="java.specification.vendor" value="Oracle Corporation"/>
    <property name="user.language" value="ko"/>
    <property name="awt.toolkit" value="sun.awt.windows.WToolkit"/>
    <property name="java.vm.info" value="mixed mode"/>
    <property name="java.version" value="1.8.0_111"/>
    <property name="java.ext.dirs" value="C:\JavaSE\Java\jre1.8.0_101\lib\ext;C:\WINDOWS\Sun\Java\lib\ext"/>
    <property name="sun.boot.class.path" value="C:\JavaSE\Java\jre1.8.0_101\lib\resources.jar;C:\JavaSE\Java\jre1.8.0_101\lib\rt.jar;C:\JavaSE\Java\jre1.8.0_101\lib\sunrsasign.jar;C:\JavaSE\Java\jre1.8.0_101\lib\jsse.jar;C:\JavaSE\Java\jre1.8.0_101\lib\jce.jar;C:\JavaSE\Java\jre1.8.0_101\lib\charsets.jar;C:\JavaSE\Java\jre1.8.0_101\lib\jfr.jar;C:\JavaSE\Java\jre1.8.0_101\classes"/>
    <property name="java.vendor" value="Oracle Corporation"/>
    <property name="maven.home" value="C:\Users\BAEJJI\Documents\GitHub\finalProjectBuyTogether\EMBEDDED"/>
    <property name="file.separator" value="\"/>
    <property name="java.vendor.url.bug" value="http://bugreport.sun.com/bugreport/"/>
    <property name="sun.cpu.endian" value="little"/>
    <property name="sun.io.unicode.encoding" value="UnicodeLittle"/>
    <property name="sun.desktop" value="windows"/>
    <property name="sun.cpu.isalist" value="amd64"/>
  </properties>
  <testcase classname="com.buy.together.FaqServiceTest" name="testFaqBuyList" time="0.329">
    <skipped/>
    <system-out>INFO : org.springframework.test.context.support.DefaultTestContextBootstrapper - Loaded default TestExecutionListener class names from location [META-INF/spring.factories]: [org.springframework.test.context.web.ServletTestExecutionListener, org.springframework.test.context.support.DependencyInjectionTestExecutionListener, org.springframework.test.context.support.DirtiesContextTestExecutionListener, org.springframework.test.context.transaction.TransactionalTestExecutionListener, org.springframework.test.context.jdbc.SqlScriptsTestExecutionListener]
INFO : org.springframework.test.context.support.DefaultTestContextBootstrapper - Using TestExecutionListeners: [org.springframework.test.context.web.ServletTestExecutionListener@3fee9989, org.springframework.test.context.support.DependencyInjectionTestExecutionListener@73ad2d6, org.springframework.test.context.support.DirtiesContextTestExecutionListener@7085bdee, org.springframework.test.context.transaction.TransactionalTestExecutionListener@1ce92674, org.springframework.test.context.jdbc.SqlScriptsTestExecutionListener@5700d6b1]
</system-out>
  </testcase>
  <testcase classname="com.buy.together.FaqServiceTest" name="testFaqCenterList" time="0.604"/>
  <testcase classname="com.buy.together.FaqServiceTest" name="testFaqUserList" time="0.605">
    <skipped/>
  </testcase>
  <testcase classname="com.buy.together.FaqServiceTest" name="testFaqInfoList" time="0.605">
    <skipped/>
  </testcase>
  <testcase classname="com.buy.together.FaqServiceTest" name="testFaqAllList" time="0.605">
    <skipped/>
  </testcase>
</testsuite>